RECID|DEAL_NUMBER|COMPANY_CODE|BOOKING_DATE|VALUE_DATE|AMOUNT_LCY|AMOUNT_FCY|TRANSACTION_CODE|TRANS_REFERENCE|SYSTEM_ID|CONSOL_KEY_TYPE|DATE_TIME|REVERSAL_MARKER
192976013216131.030001|840002925298|CA0017623|20201031|20201031|83.67||SUS|FT203050079P|FT|AC.1.TR.CAD.3053.1001.SOLDON.NONREV.GENWORTH..1......CA0017623.AASUSPENSE|2010302348|
192976013216140.020001|840002925298|CA0017623|20201031|20201031|657.37||SUS|FT20305P4Y11|FT|AC.1.TR.CAD.3053.1001.SOLDON.NONREV.GENWORTH..1......CA0017623.AASUSPENSE|2010302349|
192968342125143.010001|840002925298|CA0017623|20201030|20201030|-355.00||SUS|FT20304F5GP1|FT|AC.1.TR.CAD.3053.1001.SOLDON.NONREV.GENWORTH..1......CA0017623.AASUSPENSE|2010292232|
187484101011136.020001|840002925298|CA0017623|20190430|20190430|156.25||SUS|FT19120MM9F2|FT|AC.1.TR.CAD.3053.1001.SOLDON.NONREV.GENWORTH..1......CA0017623.AASUSPENSE|1904300358|
187487157511137.020001|840002925298|CA0017623|20190430|20190430|657.37||SUS|FT19120M58FK|FT|AC.1.TR.CAD.3053.1001.SOLDON.NONREV.GENWORTH..1......CA0017623.AASUSPENSE|1904300359|
195834093654013.030001|840002925298|CA0017623|20210812|20210731|-190.14||SUS|FT21212BVG6V|FT|AC.1.TR.CAD.3053.1001.BUYBACK.NONREV.GENWORTH..1......CA0017623.AASUSPENSE|2108121500|R
195824770357320.030001|840002925298|CA0017623|20210811|20210731|-642.89||SUS|FT21212L63GP|FT|AC.1.TR.CAD.3053.1001.BUYBACK.NONREV.GENWORTH..1......CA0017623.AASUSPENSE|2108111555|R
195718243368724.010001|840002925298|CA0017623|20210801|20210731|190.14||SUS|FT21212BVG6V|FT|AC.1.TR.CAD.3053.1001.BUYBACK.NONREV.GENWORTH..1......CA0017623.AASUSPENSE|2107311905|
195709536680950.010001|840002925298|CA0017623|20210731|20210731|642.89||SUS|FT21212BKRRS|FT|AC.1.TR.CAD.3053.1001.BUYBACK.NONREV.GENWORTH..1......CA0017623.AASUSPENSE|2107302229|
195719840568741.010001|840002925298|CA0017623|20210801|20210731|642.89||SUS|FT21212L63GP|FT|AC.1.TR.CAD.3053.1001.BUYBACK.NONREV.GENWORTH..1......CA0017623.AASUSPENSE|2107311905|
195707266680958.010001|840002925298|CA0017623|20210731|20210731|190.14||SUS|FT21212BD436|FT|AC.1.TR.CAD.3053.1001.BUYBACK.NONREV.GENWORTH..1......CA0017623.AASUSPENSE|2107302229|
192669174838325.020001|840002925298|CA0017623|20200930|20200930|83.67||SUS|FT20274LGBFV|FT|AC.1.TR.CAD.3053.1001.SOLDON.NONREV.GENWORTH..1......CA0017623.AASUSPENSE|2009292358|
192669174838330.020001|840002925298|CA0017623|20200930|20200930|657.37||SUS|FT202747RBN1|FT|AC.1.TR.CAD.3053.1001.SOLDON.NONREV.GENWORTH..1......CA0017623.AASUSPENSE|2009292358|
186475923147224.010001|840002925298|CA0017623|20190119|20190101|608.73||SUS|FT19019JHPCX|FT|AC.1.TR.CAD.3053.1001.SOLDON.NONREV.GENWORTH..1......CA0017623.AASUSPENSE|1901192020|
188714050947252.000001|840002925298|CA0017623|20190831|20190831|156.25||SUS|FT19243MZKBS|FT|AC.1.TR.CAD.3053.1001.SOLDON.NONREV.GENWORTH..1......CA0017623.AASUSPENSE|1908310627|
188714971247180.010001|840002925298|CA0017623|20190831|20190831|657.37||SUS|FT19243DG8BZ|FT|AC.1.TR.CAD.3053.1001.SOLDON.NONREV.GENWORTH..1......CA0017623.AASUSPENSE|1908310626|
188700748247443.010001|840002925298|CA0017623|20190830|20190830|-349.00||SUS|FT19242BDQFM|FT|AC.1.TR.CAD.3053.1001.SOLDON.NONREV.GENWORTH..1......CA0017623.AASUSPENSE|1908300244|
186592204417620.020001|840002925298|CA0017623|20190131|20190131|156.25||SUS|FT190315DKMC|FT|AC.1.TR.CAD.3053.1001.SOLDON.NONREV.GENWORTH..1......CA0017623.AASUSPENSE|1901310153|
186595883817622.010001|840002925298|CA0017623|20190131|20190131|657.37||SUS|FT19031Y16FB|FT|AC.1.TR.CAD.3053.1001.SOLDON.NONREV.GENWORTH..1......CA0017623.AASUSPENSE|1901310153|
195391436820907.020001|840002925298|CA0017623|20210630|20210630|-368.00||SUS|FT21181W0Q1C|FT|AC.1.TR.CAD.3053.1001.BUYBACK.NONREV.GENWORTH..1......CA0017623.AASUSPENSE|2106292241|
195399411220439.020001|840002925298|CA0017623|20210630|20210630|190.14||SUS|FT21181XHX57|FT|AC.1.TR.CAD.3053.1001.BUYBACK.NONREV.GENWORTH..1......CA0017623.AASUSPENSE|2106292233|
195399411220447.010001|840002925298|CA0017623|20210630|20210630|642.89||SUS|FT21181KQ86N|FT|AC.1.TR.CAD.3053.1001.BUYBACK.NONREV.GENWORTH..1......CA0017623.AASUSPENSE|2106292234|
188407917954107.000001|840002925298|CA0017623|20190731|20190731|657.37||SUS|FT192127YQR0|FT|AC.1.TR.CAD.3053.1001.SOLDON.NONREV.GENWORTH..1......CA0017623.AASUSPENSE|1907310221|
188402191854110.040001|840002925298|CA0017623|20190731|20190731|156.25||SUS|FT19212W8N4Z|FT|AC.1.TR.CAD.3053.1001.SOLDON.NONREV.GENWORTH..1......CA0017623.AASUSPENSE|1907310221|
186877313240805.010001|840002925298|CA0017623|20190228|20190228|-361.00||SUS|FT19059HH884|FT|AC.1.TR.CAD.3053.1001.SOLDON.NONREV.GENWORTH..1......CA0017623.AASUSPENSE|1902280300|
186877618440609.150001|840002925298|CA0017623|20190228|20190228|156.25||SUS|FT190595P4MH|FT|AC.1.TR.CAD.3053.1001.SOLDON.NONREV.GENWORTH..1......CA0017623.AASUSPENSE|1902280256|
186877618440613.020001|840002925298|CA0017623|20190228|20190228|657.37||SUS|FT19059RYVTS|FT|AC.1.TR.CAD.3053.1001.SOLDON.NONREV.GENWORTH..1......CA0017623.AASUSPENSE|1902280256|
192361544934888.010001|840002925298|CA0017623|20200831|20200831|-355.00||SUS|FT2024459RT0|FT|AC.1.TR.CAD.3053.1001.SOLDON.NONREV.GENWORTH..1......CA0017623.AASUSPENSE|2008302048|
192365169433236.020001|840002925298|CA0017623|20200831|20200831|83.67||SUS|FT202445WF3H|FT|AC.1.TR.CAD.3053.1001.SOLDON.NONREV.GENWORTH..1......CA0017623.AASUSPENSE|2008302020|
192365404533244.010001|840002925298|CA0017623|20200831|20200831|657.37||SUS|FT202443WSRS|FT|AC.1.TR.CAD.3053.1001.SOLDON.NONREV.GENWORTH..1......CA0017623.AASUSPENSE|2008302020|
188094224795270.000001|840002925298|CA0017623|20190630|20190630|156.25||SUS|FT19181K64WN|FT|AC.1.TR.CAD.3053.1001.SOLDON.NONREV.GENWORTH..1......CA0017623.AASUSPENSE|1906300747|
188094224795276.000001|840002925298|CA0017623|20190630|20190630|657.37||SUS|FT19181R5YFL|FT|AC.1.TR.CAD.3053.1001.SOLDON.NONREV.GENWORTH..1......CA0017623.AASUSPENSE|1906300747|
188079172834956.010001|840002925298|CA0017623|20190628|20190628|-349.00||SUS|FT19179Z904Z|FT|AC.1.TR.CAD.3053.1001.SOLDON.NONREV.GENWORTH..1......CA0017623.AASUSPENSE|1906281115|
187176939199982.000001|840002925298|CA0017623|20190331|20190331|657.37||SUS|FT19090FLBC0|FT|AC.1.TR.CAD.3053.1001.SOLDON.NONREV.GENWORTH..1......CA0017623.AASUSPENSE|1903302239|
187172405499981.020001|840002925298|CA0017623|20190331|20190331|156.25||SUS|FT19090X9L1G|FT|AC.1.TR.CAD.3053.1001.SOLDON.NONREV.GENWORTH..1......CA0017623.AASUSPENSE|1903302239|
196937086659479.010001|840002925298|CA0017623|20211130|20211130|833.03||SUS|FT21334386ZF|FT|AC.1.TR.CAD.3053.1001.BUYBACK.NONREV.GENWORTH..1......CA0017623.AASUSPENSE|2111301631|
187168311739259.010001|840002925298|CA0017623|20190329|20190329|-361.50||SUS|FT19088061ZC|FT|AC.1.TR.CAD.3053.1001.SOLDON.NONREV.GENWORTH..1......CA0017623.AASUSPENSE|1903290200|
195091808626134.020001|840002925298|CA0017623|20210531|20210531|657.37||SUS|FT21151VY68B|FT|AC.1.TR.CAD.3053.1001.SOLDON.NONREV.GENWORTH..1......CA0017623.AASUSPENSE|2105302155|
195091808626128.010001|840002925298|CA0017623|20210531|20210531|190.14||SUS|FT21151KZPH7|FT|AC.1.TR.CAD.3053.1001.SOLDON.NONREV.GENWORTH..1......CA0017623.AASUSPENSE|2105302155|
192066811672384.020001|840002925298|CA0017623|20200731|20200731|83.67||SUS|FT202138NFD4|FT|AC.1.TR.CAD.3053.1001.SOLDON.NONREV.GENWORTH..1......CA0017623.AASUSPENSE|2007310113|
192066811672393.000001|840002925298|CA0017623|20200731|20200731|657.37||SUS|FT20213Q0WD7|FT|AC.1.TR.CAD.3053.1001.SOLDON.NONREV.GENWORTH..1......CA0017623.AASUSPENSE|2007310113|
187793524210445.020001|840002925298|CA0017623|20190531|20190531|657.37||SUS|FT19151XHPSB|FT|AC.1.TR.CAD.3053.1001.SOLDON.NONREV.GENWORTH..1......CA0017623.AASUSPENSE|1905310947|
187794470510443.020001|840002925298|CA0017623|20190531|20190531|156.25||SUS|FT191515ZVHH|FT|AC.1.TR.CAD.3053.1001.SOLDON.NONREV.GENWORTH..1......CA0017623.AASUSPENSE|1905310947|
194820075357201.030001|840002925298|CA0017623|20210503|20210503|-6882.30||SUS|FT21123YLKKB|FT|AC.1.TR.CAD.3053.1001.SOLDON.NONREV.GENWORTH..1......CA0017623.AASUSPENSE|2105031153|
194820075357203.030001|840002925298|CA0017623|20210503|20210503|6882.30||SUS|FT21123N2LQ5|FT|AC.1.TR.CAD.3053.1001.SOLDON.NONREV.GENWORTH..1......CA0017623.AASUSPENSE|2105031153|
194796415461693.020001|840002925298|CA0017623|20210430|20210430|657.37||SUS|FT211202V35D|FT|AC.1.TR.CAD.3053.1001.SOLDON.NONREV.GENWORTH..1......CA0017623.AASUSPENSE|2104300148|
194796415461684.020001|840002925298|CA0017623|20210430|20210430|190.14||SUS|FT21120G7YMS|FT|AC.1.TR.CAD.3053.1001.SOLDON.NONREV.GENWORTH..1......CA0017623.AASUSPENSE|2104300148|
196670781946866.030001|840002925298|CA0017623|20211104|20211101|-833.03||SUS|FT213052B97F|FT|AC.1.TR.CAD.3053.1001.BUYBACK.NONREV.GENWORTH..1......CA0017623.AASUSPENSE|2111041301|R
196646717562840.010001|840002925298|CA0017623|20211101|20211101|833.03||SUS|FT213052B97F|FT|AC.1.TR.CAD.3053.1001.BUYBACK.NONREV.GENWORTH..1......CA0017623.AASUSPENSE|2111011727|
196607428481166.020001|840002925298|CA0017623|20211029|20211029|-366.85||SUS|FT21302QNHL9|FT|AC.1.TR.CAD.3053.1001.BUYBACK.NONREV.GENWORTH..1......CA0017623.AASUSPENSE|2110282232|
194485746659298.020001|840002925298|CA0017623|20210331|20210331|190.14||SUS|FT21090SBT0C|FT|AC.1.TR.CAD.3053.1001.SOLDON.NONREV.GENWORTH..1......CA0017623.AASUSPENSE|2103302254|
194485746659303.020001|840002925298|CA0017623|20210331|20210331|657.37||SUS|FT21090QJTXJ|FT|AC.1.TR.CAD.3053.1001.SOLDON.NONREV.GENWORTH..1......CA0017623.AASUSPENSE|2103302255|
194489385159635.010001|840002925298|CA0017623|20210331|20210331|-364.68||SUS|FT21090ZGNP1|FT|AC.1.TR.CAD.3053.1001.SOLDON.NONREV.GENWORTH..1......CA0017623.AASUSPENSE|2103302300|
189013056620004.020001|840002925298|CA0017623|20190930|20190930|657.37||SUS|FT19273L3WSC|FT|AC.1.TR.CAD.3053.1001.SOLDON.NONREV.GENWORTH..1......CA0017623.AASUSPENSE|1909300106|
189015100020202.020001|840002925298|CA0017623|20190930|20190930|156.25||SUS|FT19273G7T46|FT|AC.1.TR.CAD.3053.1001.SOLDON.NONREV.GENWORTH..1......CA0017623.AASUSPENSE|1909300110|
196390705053269.010001|840002925298|CA0017623|20211007|20211007|-833.03||SUS|FT21280STHSZ|FT|AC.1.TR.CAD.3053.1001.BUYBACK.NONREV.GENWORTH..1......CA0017623.AASUSPENSE|2110071447|
196316564280535.040001|840002925298|CA0017623|20210930|20210930|190.14||SUS|FT21273P7SC6|FT|AC.1.TR.CAD.3053.1001.BUYBACK.NONREV.GENWORTH..1......CA0017623.AASUSPENSE|2109292222|
196319076180494.020001|840002925298|CA0017623|20210930|20210930|642.89||SUS|FT21273DHBHY|FT|AC.1.TR.CAD.3053.1001.BUYBACK.NONREV.GENWORTH..1......CA0017623.AASUSPENSE|2109292221|
196323314074356.010001|840002925298|CA0017623|20211001|20210930|642.89||SUS|FT212736HTK2|FT|AC.1.TR.CAD.3053.1001.BUYBACK.NONREV.GENWORTH..1......CA0017623.AASUSPENSE|2109302039|
196325640474331.010001|840002925298|CA0017623|20211001|20210930|190.14||SUS|FT2127373B8V|FT|AC.1.TR.CAD.3053.1001.BUYBACK.NONREV.GENWORTH..1......CA0017623.AASUSPENSE|2109302038|
194178374976709.010001|840002925298|CA0017623|20210228|20210228|190.14||SUS|FT21059KWS25|FT|AC.1.TR.CAD.3053.1001.SOLDON.NONREV.GENWORTH..1......CA0017623.AASUSPENSE|2102272045|
194178374976715.020001|840002925298|CA0017623|20210228|20210228|657.37||SUS|FT21059WMBGL|FT|AC.1.TR.CAD.3053.1001.SOLDON.NONREV.GENWORTH..1......CA0017623.AASUSPENSE|2102272045|
194152841211151.010001|840002925298|CA0017623|20210226|20210226|-365.00||SUS|FT210578YNS5|FT|AC.1.TR.CAD.3053.1001.SOLDON.NONREV.GENWORTH..1......CA0017623.AASUSPENSE|2102252245|
196091427254572.030001|840002925298|CA0017623|20210907|20210831|-190.14||SUS|FT2124337RQ0|FT|AC.1.TR.CAD.3053.1001.BUYBACK.NONREV.GENWORTH..1......CA0017623.AASUSPENSE|2109071509|R
196091329454536.030001|840002925298|CA0017623|20210907|20210831|-642.89||SUS|FT21243HL91G|FT|AC.1.TR.CAD.3053.1001.BUYBACK.NONREV.GENWORTH..1......CA0017623.AASUSPENSE|2109071508|R
196021628875073.010001|840002925298|CA0017623|20210901|20210831|190.14||SUS|FT2124337RQ0|FT|AC.1.TR.CAD.3053.1001.BUYBACK.NONREV.GENWORTH..1......CA0017623.AASUSPENSE|2108312051|
196013579783478.020001|840002925298|CA0017623|20210831|20210831|-368.00||SUS|FT21243ZTBG7|FT|AC.1.TR.CAD.3053.1001.BUYBACK.NONREV.GENWORTH..1......CA0017623.AASUSPENSE|2108302311|
196019166082675.020001|840002925298|CA0017623|20210831|20210831|190.14||SUS|FT21243ZR9QR|FT|AC.1.TR.CAD.3053.1001.BUYBACK.NONREV.GENWORTH..1......CA0017623.AASUSPENSE|2108302257|
196019166082684.020001|840002925298|CA0017623|20210831|20210831|642.89||SUS|FT2124347H4D|FT|AC.1.TR.CAD.3053.1001.BUYBACK.NONREV.GENWORTH..1......CA0017623.AASUSPENSE|2108302258|
196025640175088.000001|840002925298|CA0017623|20210901|20210831|642.89||SUS|FT21243HL91G|FT|AC.1.TR.CAD.3053.1001.BUYBACK.NONREV.GENWORTH..1......CA0017623.AASUSPENSE|2108312051|
190843105041577.010001|840002925298|CA0017623|20200331|20200331|-358.13||SUS|FT20091YS0NC|FT|AC.1.TR.CAD.3053.1001.SOLDON.NONREV.GENWORTH..1......CA0017623.AASUSPENSE|2003310359|
190840939939644.020001|840002925298|CA0017623|20200331|20200331|83.67||SUS|FT20091DRJGP|FT|AC.1.TR.CAD.3053.1001.SOLDON.NONREV.GENWORTH..1......CA0017623.AASUSPENSE|2003310327|
190840939939652.010001|840002925298|CA0017623|20200331|20200331|657.37||SUS|FT20091BTBQM|FT|AC.1.TR.CAD.3053.1001.SOLDON.NONREV.GENWORTH..1......CA0017623.AASUSPENSE|2003310327|
193896700865528.020001|840002925298|CA0017623|20210131|20210131|83.67||SUS|FT21031TMSWH|FT|AC.1.TR.CAD.3053.1001.SOLDON.NONREV.GENWORTH..1......CA0017623.AASUSPENSE|2101302258|
193896700865533.020001|840002925298|CA0017623|20210131|20210131|657.37||SUS|FT210313R9YK|FT|AC.1.TR.CAD.3053.1001.SOLDON.NONREV.GENWORTH..1......CA0017623.AASUSPENSE|2101302258|
190530689364145.010001|840002925298|CA0017623|20200229|20200229|83.67||SUS|FT20060CXM0C|FT|AC.1.TR.CAD.3053.1001.SOLDON.NONREV.GENWORTH..1......CA0017623.AASUSPENSE|2002290315|
190531881264272.010001|840002925298|CA0017623|20200229|20200229|657.37||SUS|FT20060CJJMZ|FT|AC.1.TR.CAD.3053.1001.SOLDON.NONREV.GENWORTH..1......CA0017623.AASUSPENSE|2002290317|
190524533479416.010001|840002925298|CA0017623|20200228|20200228|-358.00||SUS|FT2005931K0W|FT|AC.1.TR.CAD.3053.1001.SOLDON.NONREV.GENWORTH..1......CA0017623.AASUSPENSE|2002280343|
193589201784533.020001|840002925298|CA0017623|20201231|20201231|657.37||SUS|FT203665D67N|FT|AC.1.TR.CAD.3053.1001.SOLDON.NONREV.GENWORTH..1......CA0017623.AASUSPENSE|2012302215|
193589201784527.020001|840002925298|CA0017623|20201231|20201231|83.67||SUS|FT20366P3NXV|FT|AC.1.TR.CAD.3053.1001.SOLDON.NONREV.GENWORTH..1......CA0017623.AASUSPENSE|2012302215|
190240640358210.020001|840002925298|CA0017623|20200131|20200131|156.25||SUS|FT200316R67G|FT|AC.1.TR.CAD.3053.1001.SOLDON.NONREV.GENWORTH..1......CA0017623.AASUSPENSE|2001310310|
190248377857796.010001|840002925298|CA0017623|20200131|20200131|657.37||SUS|FT20031SCZ7Z|FT|AC.1.TR.CAD.3053.1001.SOLDON.NONREV.GENWORTH..1......CA0017623.AASUSPENSE|2001310303|
193426565703944.010001|840002925298|CA0017623|20201215|20201215|-353.57||SUS|FT20350WKX79|FT|AC.1.TR.CAD.3053.1001.SOLDON.NONREV.GENWORTH..1......CA0017623.AASUSPENSE|2012142245|
189937081879176.010001|840002925298|CA0017623|20191231|20191231|156.25||SUS|FT193650BN0Q|FT|AC.1.TR.CAD.3053.1001.SOLDON.NONREV.GENWORTH..1......CA0017623.AASUSPENSE|1912310259|
189934467779172.020001|840002925298|CA0017623|20191231|20191231|657.37||SUS|FT19365X52CF|FT|AC.1.TR.CAD.3053.1001.SOLDON.NONREV.GENWORTH..1......CA0017623.AASUSPENSE|1912310259|
189626508429899.000001|840002925298|CA0017623|20191130|20191130|156.25||SUS|FT19334WHX9F|FT|AC.1.TR.CAD.3053.1001.SOLDON.NONREV.GENWORTH..1......CA0017623.AASUSPENSE|1911301104|
189622534329916.020001|840002925298|CA0017623|20191130|20191130|657.37||SUS|FT1933446VY1|FT|AC.1.TR.CAD.3053.1001.SOLDON.NONREV.GENWORTH..1......CA0017623.AASUSPENSE|1911301105|
193274153101456.020001|840002925298|CA0017623|20201130|20201130|657.37||SUS|FT20335SZR9Y|FT|AC.1.TR.CAD.3053.1001.SOLDON.NONREV.GENWORTH..1......CA0017623.AASUSPENSE|2011292057|
193272246801449.010001|840002925298|CA0017623|20201130|20201130|83.67||SUS|FT20335K9VNB|FT|AC.1.TR.CAD.3053.1001.SOLDON.NONREV.GENWORTH..1......CA0017623.AASUSPENSE|2011292057|
189326116107225.010001|840002925298|CA0017623|20191031|20191031|-348.60||SUS|FT19304LGHPZ|FT|AC.1.TR.CAD.3053.1001.SOLDON.NONREV.GENWORTH..1......CA0017623.AASUSPENSE|1910310333|
189326487706226.030001|840002925298|CA0017623|20191031|20191031|156.25||SUS|FT19304S9B87|FT|AC.1.TR.CAD.3053.1001.SOLDON.NONREV.GENWORTH..1......CA0017623.AASUSPENSE|1910310317|
189325135406301.020001|840002925298|CA0017623|20191031|20191031|657.37||SUS|FT193043RCB0|FT|AC.1.TR.CAD.3053.1001.SOLDON.NONREV.GENWORTH..1......CA0017623.AASUSPENSE|1910310318|
92rows selected|||||||||||||
Transaction committed
